
006C477C  |.  F6C1 01       TEST CL,1
006C477F  |.  74 7C         JE SHORT League_o.006C47FD
006C4781  |.  F3:0F1007     MOVSS XMM0,DWORD PTR DS:[EDI]
006C4785  |.  F3:0F584424 1>ADDSS XMM0,DWORD PTR SS:[ESP+14]
006C478B  |.  8B43 04       MOV EAX,DWORD PTR DS:[EBX+4]
006C478E  |.  C74424 1C 000>MOV DWORD PTR SS:[ESP+1C],0
006C4796  |.  F3:0F114424 4>MOVSS DWORD PTR SS:[ESP+44],XMM0
006C479C  |.  F3:0F1047 04  MOVSS XMM0,DWORD PTR DS:[EDI+4]
006C47A1  |.  F3:0F584424 1>ADDSS XMM0,DWORD PTR SS:[ESP+18]
006C47A7  |.  F3:0F114424 4>MOVSS DWORD PTR SS:[ESP+48],XMM0
006C47AD  |.  F3:0F1080 440>MOVSS XMM0,DWORD PTR DS:[EAX+744]
006C47B5  |.  0F2FC4        COMISS XMM0,XMM4
006C47B8  |.  76 0E         JBE SHORT League_o.006C47C8
006C47BA  |.  F3:0F5E86 500>DIVSS XMM0,DWORD PTR DS:[ESI+150]
006C47C2  |.  F3:0F114424 1>MOVSS DWORD PTR SS:[ESP+1C],XMM0
006C47C8  |>  D94424 1C     FLD DWORD PTR SS:[ESP+1C]
006C47CC  |.  8D4424 44     LEA EAX,DWORD PTR SS:[ESP+44]
006C47D0  |.  57            PUSH EDI                                 ;  ÑªÌõ¶ÔÏó
006C47D1  |.  56            PUSH ESI                                 ;  ¶ÔÏó
006C47D2  |.  83EC 14       SUB ESP,14
006C47D5  |.  8BCB          MOV ECX,EBX
006C47D7  |.  D95C24 08     FSTP DWORD PTR SS:[ESP+8]
006C47DB  |.  D95C24 04     FSTP DWORD PTR SS:[ESP+4]
006C47DF  |.  D91C24        FSTP DWORD PTR SS:[ESP]
006C47E2  |.  50            PUSH EAX
006C47E3  |.  FFB424 8C0000>PUSH DWORD PTR SS:[ESP+8C]
006C47EA  |.  E8 01030000   CALL League_o.006C4AF0                   ;  »­ÑªCALL
006C47EF  |.  D945 14       FLD DWORD PTR SS:[EBP+14]
006C47F2  |.  D94424 24     FLD DWORD PTR SS:[ESP+24]
006C47F6  |.  0F57E4        XORPS XMM4,XMM4
006C47F9  |.  8B4C24 64     MOV ECX,DWORD PTR SS:[ESP+64]
006C47FD  |>  8B4424 70     MOV EAX,DWORD PTR SS:[ESP+70]
006C4801  |.  85C0          TEST EAX,EAX
006C4803  |.  0F84 BA000000 JE League_o.006C48C3
006C4809  |.  F3:0F105424 1>MOVSS XMM2,DWORD PTR SS:[ESP+14]
006C480F  |.  F3:0F104C24 1>MOVSS XMM1,DWORD PTR SS:[ESP+18]
006C4815  |.  F6C1 02       TEST CL,2







League of Legends.exe+3C4D6E - 50                    - push eax


006C4CE7   .  F3:0F1043 34  MOVSS XMM0,DWORD PTR DS:[EBX+34]
006C4CEC   .  0F2FC1        COMISS XMM0,XMM1
006C4CEF   .  8985 74FFFFFF MOV DWORD PTR SS:[EBP-8C],EAX
006C4CF5   .  A1 98EF1301   MOV EAX,DWORD PTR DS:[113EF98]
006C4CFA   .  C785 48FFFFFF>MOV DWORD PTR SS:[EBP-B8],0
006C4D04   .  C785 40FFFFFF>MOV DWORD PTR SS:[EBP-C0],0
006C4D0E   .  8945 B0       MOV DWORD PTR SS:[EBP-50],EAX
006C4D11   .  C745 B4 00000>MOV DWORD PTR SS:[EBP-4C],0
006C4D18   .  76 0F         JBE SHORT League_o.006C4D29
006C4D1A   .  F3:0F1046 30  MOVSS XMM0,DWORD PTR DS:[ESI+30]
006C4D1F   .  F3:0F1185 50F>MOVSS DWORD PTR SS:[EBP-B0],XMM0
006C4D27   .  EB 0A         JMP SHORT League_o.006C4D33
006C4D29   >  C785 50FFFFFF>MOV DWORD PTR SS:[EBP-B0],0
006C4D33      8B43 40       MOV EAX,DWORD PTR DS:[EBX+40]            ;  ÑªÌõÑÕÉ«
006C4D36      F3:0F104D 10  MOVSS XMM1,DWORD PTR SS:[EBP+10]
006C4D3B      8945 A8       MOV DWORD PTR SS:[EBP-58],EAX
006C4D3E      C1E8 18       SHR EAX,18
006C4D41   .  8B4D D0       MOV ECX,DWORD PTR SS:[EBP-30]
006C4D44   .  F3:0F2AC0     CVTSI2SS XMM0,EAX
006C4D48   .  F3:0F59C1     MULSS XMM0,XMM1
006C4D4C   .  F3:0F2CC0     CVTTSS2SI EAX,XMM0
006C4D50   .  8845 AB       MOV BYTE PTR SS:[EBP-55],AL
006C4D53   .  8B43 44       MOV EAX,DWORD PTR DS:[EBX+44]
006C4D56   .  8945 AC       MOV DWORD PTR SS:[EBP-54],EAX
006C4D59   .  C1E8 18       SHR EAX,18
006C4D5C   .  F3:0F2AC0     CVTSI2SS XMM0,EAX
006C4D60   .  F3:0F59C1     MULSS XMM0,XMM1





00454D3B    8945 A8         MOV DWORD PTR SS:[EBP-58],EAX
00454D3E    C1E8 18         SHR EAX,18
00454D41    8B4D D0         MOV ECX,DWORD PTR SS:[EBP-30]
00454D44    F3:0F2AC0       CVTSI2SS XMM0,EAX
00454D48    F3:0F59C1       MULSS XMM0,XMM1
00454D4C    F3:0F2CC0       CVTTSS2SI EAX,XMM0
00454D50    8845 AB         MOV BYTE PTR SS:[EBP-55],AL
00454D53    8B43 44         MOV EAX,DWORD PTR DS:[EBX+44]
00454D56    8945 AC         MOV DWORD PTR SS:[EBP-54],EAX
00454D59    C1E8 18         SHR EAX,18
00454D5C    F3:0F2AC0       CVTSI2SS XMM0,EAX
00454D60    F3:0F59C1       MULSS XMM0,XMM1
00454D64    F3:0F2CC0       CVTTSS2SI EAX,XMM0
00454D68    8845 AF         MOV BYTE PTR SS:[EBP-51],AL
00454D6B    8D45 A4         LEA EAX,DWORD PTR SS:[EBP-5C]
00454D6E    50              PUSH EAX                                 ; Ò°¹ÖÑªÌõ
00454D6F    8D85 40FFFFFF   LEA EAX,DWORD PTR SS:[EBP-C0]
00454D75    50              PUSH EAX
00454D76    FF75 0C         PUSH DWORD PTR SS:[EBP+C]
00454D79    E8 12EAFEFF     CALL League_o.00443790
00454D7E    F3:0F1045 B8    MOVSS XMM0,DWORD PTR SS:[EBP-48]
00454D83    8D7D DC         LEA EDI,DWORD PTR SS:[EBP-24]
00454D86    8B43 58         MOV EAX,DWORD PTR DS:[EBX+58]
00454D89    F3:0F1145 D8    MOVSS DWORD PTR SS:[EBP-28],XMM0
00454D8E    F3:0F1046 40    MOVSS XMM0,DWORD PTR DS:[ESI+40]
00454D93    F3:0F1145 DC    MOVSS DWORD PTR SS:[EBP-24],XMM0
00454D98    F3:0F1045 BC    MOVSS XMM0,DWORD PTR SS:[EBP-44]
00454D9D    F3:0F1145 E4    MOVSS DWORD PTR SS:[EBP-1C],XMM0
00454DA2    F3:0F1046 3C    MOVSS XMM0,DWORD PTR DS:[ESI+3C]
00454DA7    F3:0F1145 E8    MOVSS DWORD PTR SS:[EBP-18],XMM0
00454DAC    F3:0F1045 C4    MOVSS XMM0,DWORD PTR SS:[EBP-3C]






0149476A    8B4C24 64       MOV ECX,DWORD PTR SS:[ESP+64]
0149476E    D945 14         FLD DWORD PTR SS:[EBP+14]
01494771    D94424 24       FLD DWORD PTR SS:[ESP+24]
01494775    0F57E4          XORPS XMM4,XMM4
01494778    8B5C24 28       MOV EBX,DWORD PTR SS:[ESP+28]
0149477C    F6C1 01         TEST CL,1
0149477F    74 7C           JE SHORT League_o.014947FD
01494781    F3:0F1007       MOVSS XMM0,DWORD PTR DS:[EDI]
01494785    F3:0F584424 14  ADDSS XMM0,DWORD PTR SS:[ESP+14]
0149478B    8B43 04         MOV EAX,DWORD PTR DS:[EBX+4]
0149478E    C74424 1C 00000>MOV DWORD PTR SS:[ESP+1C],0
01494796    F3:0F114424 44  MOVSS DWORD PTR SS:[ESP+44],XMM0
0149479C    F3:0F1047 04    MOVSS XMM0,DWORD PTR DS:[EDI+4]
014947A1    F3:0F584424 18  ADDSS XMM0,DWORD PTR SS:[ESP+18]
014947A7    F3:0F114424 48  MOVSS DWORD PTR SS:[ESP+48],XMM0
014947AD    F3:0F1080 44070>MOVSS XMM0,DWORD PTR DS:[EAX+744]
014947B5    0F2FC4          COMISS XMM0,XMM4
014947B8    76 0E           JBE SHORT League_o.014947C8
014947BA    F3:0F5E86 50010>DIVSS XMM0,DWORD PTR DS:[ESI+150]
014947C2    F3:0F114424 1C  MOVSS DWORD PTR SS:[ESP+1C],XMM0
014947C8    D94424 1C       FLD DWORD PTR SS:[ESP+1C]
014947CC    8D4424 44       LEA EAX,DWORD PTR SS:[ESP+44]
014947D0    57              PUSH EDI                                 ; »­ÑªCALL
014947D1    56              PUSH ESI
014947D2    83EC 14         SUB ESP,14
014947D5    8BCB            MOV ECX,EBX
014947D7    D95C24 08       FSTP DWORD PTR SS:[ESP+8]
014947DB    D95C24 04       FSTP DWORD PTR SS:[ESP+4]
014947DF    D91C24          FSTP DWORD PTR SS:[ESP]
014947E2    50              PUSH EAX
014947E3    FFB424 8C000000 PUSH DWORD PTR SS:[ESP+8C]
014947EA    E8 01030000     CALL League_o.01494AF0
014947EF    D945 14         FLD DWORD PTR SS:[EBP+14]
014947F2    D94424 24       FLD DWORD PTR SS:[ESP+24]
014947F6    0F57E4          XORPS XMM4,XMM4
014947F9    8B4C24 64       MOV ECX,DWORD PTR SS:[ESP+64]
014947FD    8B4424 70       MOV EAX,DWORD PTR SS:[ESP+70]
01494801    85C0            TEST EAX,EAX
01494803    0F84 BA000000   JE League_o.014948C3
01494809    F3:0F105424 14  MOVSS XMM2,DWORD PTR SS:[ESP+14]
0149480F    F3:0F104C24 18  MOVSS XMM1,DWORD PTR SS:[ESP+18]




012FBBD0    8D77 04         LEA ESI,DWORD PTR DS:[EDI+4]             ; ÏÔÑªCALL
012FBBD3    8B0E            /MOV ECX,DWORD PTR DS:[ESI]
012FBBD5    68 FF000000     PUSH 0FF
012FBBDA    8B01            MOV EAX,DWORD PTR DS:[ECX]
012FBBDC    FF90 A4010000   |CALL DWORD PTR DS:[EAX+1A4]



012FBBA1    83C6 04         |ADD ESI,4
012FBBA4    8945 EC         |MOV DWORD PTR SS:[EBP-14],EAX
012FBBA7    3BC1            |CMP EAX,ECX
012FBBA9  ^ 0F85 31FDFFFF   JNZ League_o.012FB8E0
012FBBAF    8B7D 8C         MOV EDI,DWORD PTR SS:[EBP-74]
012FBBB2    8B5D 90         MOV EBX,DWORD PTR SS:[EBP-70]
012FBBB5    8BCF            MOV ECX,EDI
012FBBB7    FF75 08         PUSH DWORD PTR SS:[EBP+8]
012FBBBA    8BC3            MOV EAX,EBX
012FBBBC    8BD3            MOV EDX,EBX
012FBBBE    2BC7            SUB EAX,EDI
012FBBC0    C1F8 03         SAR EAX,3
012FBBC3    50              PUSH EAX
012FBBC4    E8 E7580300     CALL League_o.013314B0
012FBBC9    83C4 08         ADD ESP,8
012FBBCC    3BFB            CMP EDI,EBX
012FBBCE    74 1C           JE SHORT League_o.012FBBEC
012FBBD0    8D77 04         LEA ESI,DWORD PTR DS:[EDI+4]             ; ÏÔÑªCALL
012FBBD3    8B0E            /MOV ECX,DWORD PTR DS:[ESI]
012FBBD5    68 FF000000     PUSH 0FF
012FBBDA    8B01            MOV EAX,DWORD PTR DS:[ECX]
012FBBDC    FF90 A4010000   |CALL DWORD PTR DS:[EAX+1A4]
012FBBE2    8D76 08         |LEA ESI,DWORD PTR DS:[ESI+8]
012FBBE5    8D46 FC         |LEA EAX,DWORD PTR DS:[ESI-4]
012FBBE8    3BC3            |CMP EAX,EBX
012FBBEA  ^ 75 E7           \JNZ SHORT League_o.012FBBD3
012FBBEC    C745 FC FFFFFFF>MOV DWORD PTR SS:[EBP-4],-1
012FBBF3    85FF            TEST EDI,EDI
012FBBF5    74 20           JE SHORT League_o.012FBC17
012FBBF7    A1 40EF1802     MOV EAX,DWORD PTR DS:[218EF40]
012FBBFC    85C0            TEST EAX,EAX
012FBBFE    75 0B           JNZ SHORT League_o.012FBC0B
012FBC00    57              PUSH EDI
012FBC01    E8 42C96600     CALL League_o.01968548
012FBC06    83C4 04         ADD ESP,4
012FBC09    EB 0C           JMP SHORT League_o.012FBC17

